13:49:01  [main] 	Initializing Control Panel
13:49:01  [main] 	Windows Version:  Home  64-bit
13:49:01  [main] 	XAMPP Version: 7.1.33
13:49:01  [main] 	Control Panel Version: 3.2.4  [ Compiled: Jun 5th 2019 ]
13:49:01  [main] 	You are not running with administrator rights! This will work for
13:49:01  [main] 	most application stuff but whenever you do something with services
13:49:01  [main] 	there will be a security dialogue or things will break! So think 
13:49:01  [main] 	about running this application with administrator rights!
13:49:01  [main] 	XAMPP Installation Directory: "c:\xampp\"
13:49:01  [main] 	Checking for prerequisites
13:49:01  [main] 	All prerequisites found
13:49:01  [main] 	Initializing Modules
13:49:01  [main] 	Starting Check-Timer
13:49:01  [main] 	Control Panel Ready
13:49:04  [Apache] 	Attempting to start Apache app...
13:49:04  [mysql] 	Attempting to start MySQL app...
13:49:04  [Apache] 	Status change detected: running
13:49:04  [mysql] 	Status change detected: running
13:49:07  [mysql] 	Status change detected: stopped
13:49:07  [mysql] 	Error: MySQL shutdown unexpectedly.
13:49:07  [mysql] 	This may be due to a blocked port, missing dependencies, 
13:49:07  [mysql] 	improper privileges, a crash, or a shutdown by another method.
13:49:07  [mysql] 	Press the Logs button to view error logs and check
13:49:07  [mysql] 	the Windows Event Viewer for more clues
13:49:07  [mysql] 	If you need more help, copy and post this
13:49:07  [mysql] 	entire log window on the forums
13:49:17  [mysql] 	Attempting to start MySQL app...
13:49:17  [mysql] 	Status change detected: running
14:02:32  [mysql] 	Attempting to stop MySQL app...
14:02:32  [Apache] 	Attempting to stop Apache (PID: 9368)
14:02:32  [Apache] 	Attempting to stop Apache (PID: 17116)
14:02:33  [Apache] 	Status change detected: stopped
14:02:33  [mysql] 	Status change detected: stopped
14:02:37  [main] 	Deinitializing Modules
14:02:37  [main] 	Deinitializing Control Panel

22:15:48  [main] 	Initializing Control Panel
22:15:48  [main] 	Windows Version:  Home  64-bit
22:15:48  [main] 	XAMPP Version: 7.1.33
22:15:48  [main] 	Control Panel Version: 3.2.4  [ Compiled: Jun 5th 2019 ]
22:15:48  [main] 	You are not running with administrator rights! This will work for
22:15:48  [main] 	most application stuff but whenever you do something with services
22:15:48  [main] 	there will be a security dialogue or things will break! So think 
22:15:48  [main] 	about running this application with administrator rights!
22:15:48  [main] 	XAMPP Installation Directory: "c:\xampp\"
22:15:48  [main] 	Checking for prerequisites
22:15:48  [main] 	All prerequisites found
22:15:48  [main] 	Initializing Modules
22:15:48  [mysql] 	XAMPP MySQL is already running on port 3306
22:15:48  [main] 	Starting Check-Timer
22:15:48  [main] 	Control Panel Ready
22:15:50  [Apache] 	Attempting to start Apache app...
22:15:50  [Apache] 	Status change detected: running
22:21:38  [main] 	Deinitializing Modules
22:21:38  [main] 	Deinitializing Control Panel

0:32:36  [main] 	Initializing Control Panel
0:32:36  [main] 	Windows Version:  Home  64-bit
0:32:36  [main] 	XAMPP Version: 7.1.33
0:32:36  [main] 	Control Panel Version: 3.2.4  [ Compiled: Jun 5th 2019 ]
0:32:36  [main] 	You are not running with administrator rights! This will work for
0:32:36  [main] 	most application stuff but whenever you do something with services
0:32:36  [main] 	there will be a security dialogue or things will break! So think 
0:32:36  [main] 	about running this application with administrator rights!
0:32:36  [main] 	XAMPP Installation Directory: "c:\xampp\"
0:32:36  [main] 	Checking for prerequisites
0:32:36  [main] 	All prerequisites found
0:32:36  [main] 	Initializing Modules
0:32:36  [main] 	Starting Check-Timer
0:32:36  [main] 	Control Panel Ready
0:32:38  [Apache] 	Attempting to start Apache app...
0:32:38  [mysql] 	Attempting to start MySQL app...
0:32:38  [Apache] 	Status change detected: running
0:32:39  [mysql] 	Status change detected: running
0:33:01  [mysql] 	Attempting to stop MySQL app...
0:33:01  [Apache] 	Attempting to stop Apache (PID: 16240)
0:33:01  [Apache] 	Attempting to stop Apache (PID: 18020)
0:33:01  [Apache] 	Status change detected: stopped
0:33:01  [mysql] 	Status change detected: stopped
1:21:43  [main] 	Deinitializing Modules
1:21:43  [main] 	Deinitializing Control Panel

13:40:37  [main] 	Initializing Control Panel
13:40:37  [main] 	Windows Version:  Home  64-bit
13:40:37  [main] 	XAMPP Version: 7.1.33
13:40:37  [main] 	Control Panel Version: 3.2.4  [ Compiled: Jun 5th 2019 ]
13:40:37  [main] 	You are not running with administrator rights! This will work for
13:40:37  [main] 	most application stuff but whenever you do something with services
13:40:37  [main] 	there will be a security dialogue or things will break! So think 
13:40:37  [main] 	about running this application with administrator rights!
13:40:37  [main] 	XAMPP Installation Directory: "c:\xampp\"
13:40:37  [main] 	Checking for prerequisites
13:40:37  [main] 	All prerequisites found
13:40:37  [main] 	Initializing Modules
13:40:37  [main] 	Starting Check-Timer
13:40:37  [main] 	Control Panel Ready
13:40:39  [Apache] 	Attempting to start Apache app...
13:40:39  [Apache] 	Status change detected: running
13:40:39  [mysql] 	Attempting to start MySQL app...
13:40:39  [mysql] 	Status change detected: running
13:42:14  [mysql] 	Attempting to stop MySQL app...
13:42:14  [mysql] 	Status change detected: stopped
13:42:14  [Apache] 	Attempting to stop Apache (PID: 6416)
13:42:14  [Apache] 	Attempting to stop Apache (PID: 10872)
13:42:15  [Apache] 	Status change detected: stopped
13:42:58  [main] 	Deinitializing Modules
13:42:58  [main] 	Deinitializing Control Panel

