InnoDB: using atomic writes.
2019-10-30 13:49:05 0 [Note] InnoDB: Mutexes and rw_locks use Windows interlocked functions
2019-10-30 13:49:05 0 [Note] InnoDB: Uses event mutexes
2019-10-30 13:49:05 0 [Note] InnoDB: Compressed tables use zlib 1.2.11
2019-10-30 13:49:05 0 [Note] InnoDB: Number of pools: 1
2019-10-30 13:49:05 0 [Note] InnoDB: Using SSE2 crc32 instructions
2019-10-30 13:49:05 0 [Note] InnoDB: Initializing buffer pool, total size = 16M, instances = 1, chunk size = 16M
2019-10-30 13:49:05 0 [Note] InnoDB: Completed initialization of buffer pool
2019-10-30 13:49:05 0 [Note] InnoDB: Starting crash recovery from checkpoint LSN=300288
2019-10-30 13:49:06 0 [Note] InnoDB: 128 out of 128 rollback segments are active.
2019-10-30 13:49:06 0 [Note] InnoDB: Removed temporary tablespace data file: "ibtmp1"
2019-10-30 13:49:06 0 [Note] InnoDB: Creating shared tablespace for temporary tables
2019-10-30 13:49:06 0 [Note] InnoDB: Setting file 'C:\xampp\mysql\data\ibtmp1' size to 12 MB. Physically writing the file full; Please wait ...
2019-10-30 13:49:06 0 [Note] InnoDB: File 'C:\xampp\mysql\data\ibtmp1' size is now 12 MB.
2019-10-30 13:49:06 0 [Note] InnoDB: Waiting for purge to start
2019-10-30 13:49:06 0 [Note] InnoDB: 10.4.8 started; log sequence number 300297; transaction id 171
2019-10-30 13:49:06 0 [Note] InnoDB: Loading buffer pool(s) from C:\xampp\mysql\data\ib_buffer_pool
2019-10-30 13:49:06 0 [Note] Plugin 'FEEDBACK' is disabled.
2019-10-30 13:49:06 0 [Note] Server socket created on IP: '::'.
InnoDB: using atomic writes.
2019-10-30 13:49:17 0 [Note] InnoDB: Mutexes and rw_locks use Windows interlocked functions
2019-10-30 13:49:17 0 [Note] InnoDB: Uses event mutexes
2019-10-30 13:49:17 0 [Note] InnoDB: Compressed tables use zlib 1.2.11
2019-10-30 13:49:17 0 [Note] InnoDB: Number of pools: 1
2019-10-30 13:49:17 0 [Note] InnoDB: Using SSE2 crc32 instructions
2019-10-30 13:49:17 0 [Note] InnoDB: Initializing buffer pool, total size = 16M, instances = 1, chunk size = 16M
2019-10-30 13:49:17 0 [Note] InnoDB: Completed initialization of buffer pool
2019-10-30 13:49:17 0 [Note] InnoDB: Starting crash recovery from checkpoint LSN=300288
2019-10-30 13:49:18 0 [Note] InnoDB: 128 out of 128 rollback segments are active.
2019-10-30 13:49:18 0 [Note] InnoDB: Removed temporary tablespace data file: "ibtmp1"
2019-10-30 13:49:18 0 [Note] InnoDB: Creating shared tablespace for temporary tables
2019-10-30 13:49:18 0 [Note] InnoDB: Setting file 'C:\xampp\mysql\data\ibtmp1' size to 12 MB. Physically writing the file full; Please wait ...
2019-10-30 13:49:18 0 [Note] InnoDB: File 'C:\xampp\mysql\data\ibtmp1' size is now 12 MB.
2019-10-30 13:49:18 0 [Note] InnoDB: Waiting for purge to start
2019-10-30 13:49:18 0 [Note] InnoDB: 10.4.8 started; log sequence number 300297; transaction id 171
2019-10-30 13:49:18 0 [Note] InnoDB: Loading buffer pool(s) from C:\xampp\mysql\data\ib_buffer_pool
2019-10-30 13:49:18 0 [Note] Plugin 'FEEDBACK' is disabled.
2019-10-30 13:49:18 0 [Note] Server socket created on IP: '::'.
InnoDB: using atomic writes.
2019-10-30 22:15:40 0 [Note] InnoDB: Mutexes and rw_locks use Windows interlocked functions
2019-10-30 22:15:40 0 [Note] InnoDB: Uses event mutexes
2019-10-30 22:15:40 0 [Note] InnoDB: Compressed tables use zlib 1.2.11
2019-10-30 22:15:40 0 [Note] InnoDB: Number of pools: 1
2019-10-30 22:15:40 0 [Note] InnoDB: Using SSE2 crc32 instructions
2019-10-30 22:15:40 0 [Note] InnoDB: Initializing buffer pool, total size = 16M, instances = 1, chunk size = 16M
2019-10-30 22:15:40 0 [Note] InnoDB: Completed initialization of buffer pool
2019-10-30 22:15:40 0 [Note] InnoDB: Starting crash recovery from checkpoint LSN=322299
2019-10-30 22:15:41 0 [Note] InnoDB: 128 out of 128 rollback segments are active.
2019-10-30 22:15:41 0 [Note] InnoDB: Removed temporary tablespace data file: "ibtmp1"
2019-10-30 22:15:41 0 [Note] InnoDB: Creating shared tablespace for temporary tables
2019-10-30 22:15:41 0 [Note] InnoDB: Setting file 'C:\xampp\mysql\data\ibtmp1' size to 12 MB. Physically writing the file full; Please wait ...
2019-10-30 22:15:41 0 [Note] InnoDB: File 'C:\xampp\mysql\data\ibtmp1' size is now 12 MB.
2019-10-30 22:15:41 0 [Note] InnoDB: Waiting for purge to start
2019-10-30 22:15:41 0 [Note] InnoDB: 10.4.8 started; log sequence number 322308; transaction id 245
2019-10-30 22:15:41 0 [Note] InnoDB: Loading buffer pool(s) from C:\xampp\mysql\data\ib_buffer_pool
2019-10-30 22:15:41 0 [Note] Plugin 'FEEDBACK' is disabled.
2019-10-30 22:15:41 0 [Note] Server socket created on IP: '::'.
2019-10-30 22:15:42 0 [Note] InnoDB: Buffer pool(s) load completed at 191030 22:15:42
2019-10-30 22:15:42 0 [Note] Reading of all Master_info entries succeeded
2019-10-30 22:15:42 0 [Note] Added new Master_info '' to hash table
2019-10-30 22:15:42 0 [Note] mysql\bin\mysqld.exe: ready for connections.
Version: '10.4.8-MariaDB'  socket: ''  port: 3306  mariadb.org binary distribution
InnoDB: using atomic writes.
2019-11-01  0:32:39 0 [Note] InnoDB: Mutexes and rw_locks use Windows interlocked functions
2019-11-01  0:32:39 0 [Note] InnoDB: Uses event mutexes
2019-11-01  0:32:39 0 [Note] InnoDB: Compressed tables use zlib 1.2.11
2019-11-01  0:32:39 0 [Note] InnoDB: Number of pools: 1
2019-11-01  0:32:39 0 [Note] InnoDB: Using SSE2 crc32 instructions
2019-11-01  0:32:39 0 [Note] InnoDB: Initializing buffer pool, total size = 16M, instances = 1, chunk size = 16M
2019-11-01  0:32:39 0 [Note] InnoDB: Completed initialization of buffer pool
2019-11-01  0:32:39 0 [Note] InnoDB: Starting crash recovery from checkpoint LSN=341312
2019-11-01  0:32:42 0 [Note] InnoDB: 128 out of 128 rollback segments are active.
2019-11-01  0:32:42 0 [Note] InnoDB: Removed temporary tablespace data file: "ibtmp1"
2019-11-01  0:32:42 0 [Note] InnoDB: Creating shared tablespace for temporary tables
2019-11-01  0:32:42 0 [Note] InnoDB: Setting file 'C:\xampp\mysql\data\ibtmp1' size to 12 MB. Physically writing the file full; Please wait ...
2019-11-01  0:32:42 0 [Note] InnoDB: File 'C:\xampp\mysql\data\ibtmp1' size is now 12 MB.
2019-11-01  0:32:42 0 [Note] InnoDB: Waiting for purge to start
2019-11-01  0:32:42 0 [Note] InnoDB: 10.4.8 started; log sequence number 341321; transaction id 317
2019-11-01  0:32:42 0 [Note] InnoDB: Loading buffer pool(s) from C:\xampp\mysql\data\ib_buffer_pool
2019-11-01  0:32:42 0 [Note] Plugin 'FEEDBACK' is disabled.
2019-11-01  0:32:42 0 [Note] Server socket created on IP: '::'.
InnoDB: using atomic writes.
2019-11-01 13:40:40 0 [Note] InnoDB: Mutexes and rw_locks use Windows interlocked functions
2019-11-01 13:40:40 0 [Note] InnoDB: Uses event mutexes
2019-11-01 13:40:40 0 [Note] InnoDB: Compressed tables use zlib 1.2.11
2019-11-01 13:40:40 0 [Note] InnoDB: Number of pools: 1
2019-11-01 13:40:40 0 [Note] InnoDB: Using SSE2 crc32 instructions
2019-11-01 13:40:40 0 [Note] InnoDB: Initializing buffer pool, total size = 16M, instances = 1, chunk size = 16M
2019-11-01 13:40:40 0 [Note] InnoDB: Completed initialization of buffer pool
2019-11-01 13:40:40 0 [Note] InnoDB: Starting crash recovery from checkpoint LSN=341330
2019-11-01 13:40:42 0 [Note] InnoDB: 128 out of 128 rollback segments are active.
2019-11-01 13:40:42 0 [Note] InnoDB: Removed temporary tablespace data file: "ibtmp1"
2019-11-01 13:40:42 0 [Note] InnoDB: Creating shared tablespace for temporary tables
2019-11-01 13:40:42 0 [Note] InnoDB: Setting file 'C:\xampp\mysql\data\ibtmp1' size to 12 MB. Physically writing the file full; Please wait ...
2019-11-01 13:40:42 0 [Note] InnoDB: File 'C:\xampp\mysql\data\ibtmp1' size is now 12 MB.
2019-11-01 13:40:42 0 [Note] InnoDB: Waiting for purge to start
2019-11-01 13:40:42 0 [Note] InnoDB: 10.4.8 started; log sequence number 341339; transaction id 317
2019-11-01 13:40:42 0 [Note] InnoDB: Loading buffer pool(s) from C:\xampp\mysql\data\ib_buffer_pool
2019-11-01 13:40:42 0 [Note] Plugin 'FEEDBACK' is disabled.
2019-11-01 13:40:42 0 [Note] Server socket created on IP: '::'.
2019-11-01 13:40:42 0 [Note] InnoDB: Buffer pool(s) load completed at 191101 13:40:42
InnoDB: using atomic writes.
2019-11-03 17:32:32 0 [Note] InnoDB: Mutexes and rw_locks use Windows interlocked functions
2019-11-03 17:32:32 0 [Note] InnoDB: Uses event mutexes
2019-11-03 17:32:32 0 [Note] InnoDB: Compressed tables use zlib 1.2.11
2019-11-03 17:32:32 0 [Note] InnoDB: Number of pools: 1
2019-11-03 17:32:32 0 [Note] InnoDB: Using SSE2 crc32 instructions
2019-11-03 17:32:32 0 [Note] InnoDB: Initializing buffer pool, total size = 16M, instances = 1, chunk size = 16M
2019-11-03 17:32:32 0 [Note] InnoDB: Completed initialization of buffer pool
2019-11-03 17:32:32 0 [Note] InnoDB: Starting crash recovery from checkpoint LSN=341659
2019-11-03 17:32:35 0 [Note] InnoDB: 128 out of 128 rollback segments are active.
2019-11-03 17:32:35 0 [Note] InnoDB: Removed temporary tablespace data file: "ibtmp1"
2019-11-03 17:32:35 0 [Note] InnoDB: Creating shared tablespace for temporary tables
2019-11-03 17:32:35 0 [Note] InnoDB: Setting file 'C:\xampp\mysql\data\ibtmp1' size to 12 MB. Physically writing the file full; Please wait ...
2019-11-03 17:32:35 0 [Note] InnoDB: File 'C:\xampp\mysql\data\ibtmp1' size is now 12 MB.
2019-11-03 17:32:35 0 [Note] InnoDB: Waiting for purge to start
2019-11-03 17:32:35 0 [Note] InnoDB: 10.4.8 started; log sequence number 341668; transaction id 323
2019-11-03 17:32:35 0 [Note] InnoDB: Loading buffer pool(s) from C:\xampp\mysql\data\ib_buffer_pool
2019-11-03 17:32:35 0 [Note] Plugin 'FEEDBACK' is disabled.
2019-11-03 17:32:35 0 [Note] InnoDB: Buffer pool(s) load completed at 191103 17:32:35
2019-11-03 17:32:36 0 [Note] Server socket created on IP: '::'.
InnoDB: using atomic writes.
2019-11-03 17:33:39 0 [Note] InnoDB: Mutexes and rw_locks use Windows interlocked functions
2019-11-03 17:33:39 0 [Note] InnoDB: Uses event mutexes
2019-11-03 17:33:39 0 [Note] InnoDB: Compressed tables use zlib 1.2.11
2019-11-03 17:33:39 0 [Note] InnoDB: Number of pools: 1
2019-11-03 17:33:39 0 [Note] InnoDB: Using SSE2 crc32 instructions
2019-11-03 17:33:39 0 [Note] InnoDB: Initializing buffer pool, total size = 16M, instances = 1, chunk size = 16M
2019-11-03 17:33:39 0 [Note] InnoDB: Completed initialization of buffer pool
2019-11-03 17:33:39 0 [Note] InnoDB: Starting crash recovery from checkpoint LSN=341975
2019-11-03 17:33:39 0 [Note] InnoDB: 128 out of 128 rollback segments are active.
2019-11-03 17:33:39 0 [Note] InnoDB: Removed temporary tablespace data file: "ibtmp1"
2019-11-03 17:33:39 0 [Note] InnoDB: Creating shared tablespace for temporary tables
2019-11-03 17:33:39 0 [Note] InnoDB: Setting file 'C:\xampp\mysql\data\ibtmp1' size to 12 MB. Physically writing the file full; Please wait ...
2019-11-03 17:33:39 0 [Note] InnoDB: File 'C:\xampp\mysql\data\ibtmp1' size is now 12 MB.
2019-11-03 17:33:39 0 [Note] InnoDB: Waiting for purge to start
2019-11-03 17:33:39 0 [Note] InnoDB: 10.4.8 started; log sequence number 341984; transaction id 329
2019-11-03 17:33:39 0 [Note] InnoDB: Loading buffer pool(s) from C:\xampp\mysql\data\ib_buffer_pool
2019-11-03 17:33:39 0 [Note] Plugin 'FEEDBACK' is disabled.
2019-11-03 17:33:39 0 [Note] Server socket created on IP: '::'.
InnoDB: using atomic writes.
2019-11-03 17:36:34 0 [Note] InnoDB: Mutexes and rw_locks use Windows interlocked functions
2019-11-03 17:36:34 0 [Note] InnoDB: Uses event mutexes
2019-11-03 17:36:34 0 [Note] InnoDB: Compressed tables use zlib 1.2.11
2019-11-03 17:36:34 0 [Note] InnoDB: Number of pools: 1
2019-11-03 17:36:34 0 [Note] InnoDB: Using SSE2 crc32 instructions
2019-11-03 17:36:34 0 [Note] InnoDB: Initializing buffer pool, total size = 16M, instances = 1, chunk size = 16M
2019-11-03 17:36:34 0 [Note] InnoDB: Completed initialization of buffer pool
2019-11-03 17:36:34 0 [Note] InnoDB: Starting crash recovery from checkpoint LSN=342810
2019-11-03 17:36:34 0 [Note] InnoDB: 128 out of 128 rollback segments are active.
2019-11-03 17:36:34 0 [Note] InnoDB: Removed temporary tablespace data file: "ibtmp1"
2019-11-03 17:36:34 0 [Note] InnoDB: Creating shared tablespace for temporary tables
2019-11-03 17:36:34 0 [Note] InnoDB: Setting file 'C:\xampp\mysql\data\ibtmp1' size to 12 MB. Physically writing the file full; Please wait ...
2019-11-03 17:36:34 0 [Note] InnoDB: File 'C:\xampp\mysql\data\ibtmp1' size is now 12 MB.
2019-11-03 17:36:34 0 [Note] InnoDB: Waiting for purge to start
2019-11-03 17:36:34 0 [Note] InnoDB: 10.4.8 started; log sequence number 342819; transaction id 347
2019-11-03 17:36:34 0 [Note] InnoDB: Loading buffer pool(s) from C:\xampp\mysql\data\ib_buffer_pool
2019-11-03 17:36:34 0 [Note] Plugin 'FEEDBACK' is disabled.
2019-11-03 17:36:34 0 [Note] Server socket created on IP: '::'.
InnoDB: using atomic writes.
2019-11-03 17:40:14 0 [Note] InnoDB: Mutexes and rw_locks use Windows interlocked functions
2019-11-03 17:40:14 0 [Note] InnoDB: Uses event mutexes
2019-11-03 17:40:14 0 [Note] InnoDB: Compressed tables use zlib 1.2.11
2019-11-03 17:40:14 0 [Note] InnoDB: Number of pools: 1
2019-11-03 17:40:14 0 [Note] InnoDB: Using SSE2 crc32 instructions
2019-11-03 17:40:14 0 [Note] InnoDB: Initializing buffer pool, total size = 16M, instances = 1, chunk size = 16M
2019-11-03 17:40:14 0 [Note] InnoDB: Completed initialization of buffer pool
2019-11-03 17:40:14 0 [Note] InnoDB: Starting crash recovery from checkpoint LSN=372467
2019-11-03 17:40:14 0 [Note] InnoDB: 128 out of 128 rollback segments are active.
2019-11-03 17:40:14 0 [Note] InnoDB: Removed temporary tablespace data file: "ibtmp1"
2019-11-03 17:40:14 0 [Note] InnoDB: Creating shared tablespace for temporary tables
2019-11-03 17:40:14 0 [Note] InnoDB: Setting file 'C:\xampp\mysql\data\ibtmp1' size to 12 MB. Physically writing the file full; Please wait ...
2019-11-03 17:40:14 0 [Note] InnoDB: File 'C:\xampp\mysql\data\ibtmp1' size is now 12 MB.
2019-11-03 17:40:14 0 [Note] InnoDB: Waiting for purge to start
2019-11-03 17:40:14 0 [Note] InnoDB: 10.4.8 started; log sequence number 372476; transaction id 428
2019-11-03 17:40:14 0 [Note] InnoDB: Loading buffer pool(s) from C:\xampp\mysql\data\ib_buffer_pool
2019-11-03 17:40:14 0 [Note] Plugin 'FEEDBACK' is disabled.
2019-11-03 17:40:14 0 [Note] Server socket created on IP: '::'.
InnoDB: using atomic writes.
2019-11-03 17:40:26 0 [Note] InnoDB: Mutexes and rw_locks use Windows interlocked functions
2019-11-03 17:40:26 0 [Note] InnoDB: Uses event mutexes
2019-11-03 17:40:26 0 [Note] InnoDB: Compressed tables use zlib 1.2.11
2019-11-03 17:40:26 0 [Note] InnoDB: Number of pools: 1
2019-11-03 17:40:26 0 [Note] InnoDB: Using SSE2 crc32 instructions
2019-11-03 17:40:26 0 [Note] InnoDB: Initializing buffer pool, total size = 16M, instances = 1, chunk size = 16M
2019-11-03 17:40:26 0 [Note] InnoDB: Completed initialization of buffer pool
2019-11-03 17:40:26 0 [Note] InnoDB: Starting crash recovery from checkpoint LSN=372485
2019-11-03 17:40:26 0 [Note] InnoDB: 128 out of 128 rollback segments are active.
2019-11-03 17:40:26 0 [Note] InnoDB: Removed temporary tablespace data file: "ibtmp1"
2019-11-03 17:40:26 0 [Note] InnoDB: Creating shared tablespace for temporary tables
2019-11-03 17:40:26 0 [Note] InnoDB: Setting file 'C:\xampp\mysql\data\ibtmp1' size to 12 MB. Physically writing the file full; Please wait ...
2019-11-03 17:40:26 0 [Note] InnoDB: File 'C:\xampp\mysql\data\ibtmp1' size is now 12 MB.
2019-11-03 17:40:26 0 [Note] InnoDB: Waiting for purge to start
2019-11-03 17:40:26 0 [Note] InnoDB: 10.4.8 started; log sequence number 372494; transaction id 428
2019-11-03 17:40:26 0 [Note] InnoDB: Loading buffer pool(s) from C:\xampp\mysql\data\ib_buffer_pool
2019-11-03 17:40:26 0 [Note] Plugin 'FEEDBACK' is disabled.
2019-11-03 17:40:26 0 [Note] Server socket created on IP: '::'.
InnoDB: using atomic writes.
2019-11-03 17:52:08 0 [Note] InnoDB: Mutexes and rw_locks use Windows interlocked functions
2019-11-03 17:52:08 0 [Note] InnoDB: Uses event mutexes
2019-11-03 17:52:08 0 [Note] InnoDB: Compressed tables use zlib 1.2.11
2019-11-03 17:52:08 0 [Note] InnoDB: Number of pools: 1
2019-11-03 17:52:08 0 [Note] InnoDB: Using SSE2 crc32 instructions
2019-11-03 17:52:08 0 [Note] InnoDB: Initializing buffer pool, total size = 16M, instances = 1, chunk size = 16M
2019-11-03 17:52:08 0 [Note] InnoDB: Completed initialization of buffer pool
2019-11-03 17:52:08 0 [Note] InnoDB: Starting crash recovery from checkpoint LSN=372503
InnoDB: using atomic writes.
2019-11-03 17:55:59 0 [Note] InnoDB: Mutexes and rw_locks use Windows interlocked functions
2019-11-03 17:55:59 0 [Note] InnoDB: Uses event mutexes
2019-11-03 17:55:59 0 [Note] InnoDB: Compressed tables use zlib 1.2.11
2019-11-03 17:55:59 0 [Note] InnoDB: Number of pools: 1
2019-11-03 17:55:59 0 [Note] InnoDB: Using SSE2 crc32 instructions
2019-11-03 17:55:59 0 [Note] InnoDB: Initializing buffer pool, total size = 16M, instances = 1, chunk size = 16M
2019-11-03 17:55:59 0 [Note] InnoDB: Completed initialization of buffer pool
2019-11-03 17:55:59 0 [Note] InnoDB: Starting crash recovery from checkpoint LSN=372503
2019-11-03 17:56:02 0 [Note] InnoDB: 128 out of 128 rollback segments are active.
2019-11-03 17:56:02 0 [Note] InnoDB: Removed temporary tablespace data file: "ibtmp1"
2019-11-03 17:56:02 0 [Note] InnoDB: Creating shared tablespace for temporary tables
2019-11-03 17:56:02 0 [Note] InnoDB: Setting file 'C:\xampp\mysql\data\ibtmp1' size to 12 MB. Physically writing the file full; Please wait ...
2019-11-03 17:56:02 0 [Note] InnoDB: File 'C:\xampp\mysql\data\ibtmp1' size is now 12 MB.
2019-11-03 17:56:02 0 [Note] InnoDB: Waiting for purge to start
2019-11-03 17:56:02 0 [Note] InnoDB: 10.4.8 started; log sequence number 372512; transaction id 428
2019-11-03 17:56:02 0 [Note] InnoDB: Loading buffer pool(s) from C:\xampp\mysql\data\ib_buffer_pool
2019-11-03 17:56:02 0 [Note] Plugin 'FEEDBACK' is disabled.
2019-11-03 17:56:02 0 [Note] Server socket created on IP: '::'.
